[1722091864.439][INFO]: Starting ChromeDriver 126.0.6478.182 (5b5d8292ddf182f8b2096fa665b473b6317906d5-refs/branch-heads/6478@{#1776}) on port 7917
[1722091864.439][INFO]: Please see https://chromedriver.chromium.org/security-considerations for suggestions on keeping ChromeDriver safe.
[1722091864.531][INFO]: [8c284093990b2f38918865898414b677] COMMAND InitSession {
   "capabilities": {
      "firstMatch": [ {
         "browserName": "chrome",
         "goog:chromeOptions": {
            "args": [ "--remote-allow-origins=*" ],
            "binary": "C:\\Program Files\\Google\\Chrome\\Application\\chrome.exe",
            "extensions": [  ]
         },
         "goog:loggingPrefs": {
            "browser": "ALL",
            "driver": "ALL"
         }
      } ]
   }
}
[1722091864.533][INFO]: Populating Preferences file: {
   "alternate_error_pages": {
      "enabled": false
   },
   "autofill": {
      "enabled": false
   },
   "browser": {
      "check_default_browser": false
   },
   "distribution": {
      "import_bookmarks": false,
      "import_history": false,
      "import_search_engine": false,
      "make_chrome_default_for_user": false,
      "skip_first_run_ui": true
   },
   "dns_prefetching": {
      "enabled": false
   },
   "profile": {
      "content_settings": {
         "pattern_pairs": {
            "https://*,*": {
               "media-stream": {
                  "audio": "Default",
                  "video": "Default"
               }
            }
         }
      },
      "default_content_setting_values": {
         "geolocation": 1
      },
      "default_content_settings": {
         "geolocation": 1,
         "mouselock": 1,
         "notifications": 1,
         "popups": 1,
         "ppapi-broker": 1
      },
      "password_manager_enabled": false
   },
   "safebrowsing": {
      "enabled": false
   },
   "search": {
      "suggest_enabled": false
   },
   "translate": {
      "enabled": false
   }
}
[1722091864.533][INFO]: Populating Local State file: {
   "background_mode": {
      "enabled": false
   },
   "ssl": {
      "rev_checking": {
         "enabled": false
      }
   }
}
[1722091864.534][INFO]: ChromeDriver supports communication with Chrome via pipes. This is more reliable and more secure.
[1722091864.534][INFO]: Use the --remote-debugging-pipe Chrome switch instead of the default --remote-debugging-port to enable this communication mode.
[1722091864.535][INFO]: Launching chrome: "C:\Program Files\Google\Chrome\Application\chrome.exe" --allow-pre-commit-input --disable-background-networking --disable-backgrounding-occluded-windows --disable-client-side-phishing-detection --disable-default-apps --disable-hang-monitor --disable-popup-blocking --disable-prompt-on-repost --disable-sync --enable-automation --enable-logging --log-level=0 --no-first-run --no-service-autorun --password-store=basic --remote-allow-origins=* --remote-debugging-port=0 --test-type=webdriver --use-mock-keychain --user-data-dir="C:\Users\gauta\AppData\Local\Temp\scoped_dir7244_1749065265" data:,
[1722091865.317][INFO]: resolved localhost to ["::1","127.0.0.1"]
[1722091865.321][INFO]: [8c284093990b2f38918865898414b677] RESPONSE InitSession {
   "capabilities": {
      "acceptInsecureCerts": false,
      "browserName": "chrome",
      "browserVersion": "126.0.6478.183",
      "chrome": {
         "chromedriverVersion": "126.0.6478.182 (5b5d8292ddf182f8b2096fa665b473b6317906d5-refs/branch-heads/6478@{#1776})",
         "userDataDir": "C:\\Users\\gauta\\AppData\\Local\\Temp\\scoped_dir7244_1749065265"
      },
      "fedcm:accounts": true,
      "goog:chromeOptions": {
         "debuggerAddress": "localhost:64101"
      },
      "networkConnectionEnabled": false,
      "pageLoadStrategy": "normal",
      "platformName": "windows",
      "proxy": {
      },
      "setWindowRect": true,
      "strictFileInteractability": false,
      "timeouts": {
         "implicit": 0,
         "pageLoad": 300000,
         "script": 30000
      },
      "unhandledPromptBehavior": "dismiss and notify",
      "webauthn:extension:credBlob": true,
      "webauthn:extension:largeBlob": true,
      "webauthn:extension:minPinLength": true,
      "webauthn:extension:prf": true,
      "webauthn:virtualAuthenticators": true
   },
   "sessionId": "8c284093990b2f38918865898414b677"
}
[1722091865.460][INFO]: [8c284093990b2f38918865898414b677] COMMAND MaximizeWindow {
}
[1722091865.460][INFO]: Waiting for pending navigations...
[1722091865.462][INFO]: Done waiting for pending navigations. Status: ok
[1722091865.484][INFO]: Waiting for pending navigations...
[1722091865.485][INFO]: Done waiting for pending navigations. Status: ok
[1722091865.485][INFO]: [8c284093990b2f38918865898414b677] RESPONSE MaximizeWindow {
   "height": 832,
   "width": 1552,
   "x": -8,
   "y": -8
}
[1722091865.508][INFO]: [8c284093990b2f38918865898414b677] COMMAND Navigate {
   "url": "https://docs.google.com/forms/d/e/1FAIpQLSep9LTMntH5YqIXa5nkiPKSs283kdwitBBhXWyZdAS-e4CxBQ/viewform"
}
[1722091865.508][INFO]: Waiting for pending navigations...
[1722091865.509][INFO]: Done waiting for pending navigations. Status: ok
[1722091866.514][INFO]: Waiting for pending navigations...
[1722091866.942][INFO]: Done waiting for pending navigations. Status: ok
[1722091866.942][INFO]: [8c284093990b2f38918865898414b677] RESPONSE Navigate
[1722091866.950][INFO]: [8c284093990b2f38918865898414b677] COMMAND GetUrl {
}
[1722091866.950][INFO]: Waiting for pending navigations...
[1722091866.951][INFO]: Done waiting for pending navigations. Status: ok
[1722091866.954][INFO]: Waiting for pending navigations...
[1722091866.954][INFO]: Done waiting for pending navigations. Status: ok
[1722091866.954][INFO]: [8c284093990b2f38918865898414b677] RESPONSE GetUrl "https://docs.google.com/forms/d/e/1FAIpQLSep9LTMntH5YqIXa5nkiPKSs283kdwitBBhXWyZdAS-e4CxBQ/viewform"
[1722091866.957][INFO]: [8c284093990b2f38918865898414b677] COMMAND FindElement {
   "using": "xpath",
   "value": "(//input[@jsname='YPqjbf'])[1]"
}
[1722091866.957][INFO]: Waiting for pending navigations...
[1722091866.958][INFO]: Done waiting for pending navigations. Status: ok
[1722091866.965][INFO]: Waiting for pending navigations...
[1722091866.966][INFO]: Done waiting for pending navigations. Status: ok
[1722091866.966][INFO]: [8c284093990b2f38918865898414b677] RESPONSE FindElement {
   "element-6066-11e4-a52e-4f735466cecf": "f.C1E2E3B89DF87F84B7B85EE624303115.d.458F251B2A8B7F18349DE74CE6530634.e.8"
}
[1722091866.970][INFO]: [8c284093990b2f38918865898414b677] COMMAND ClickElement {
   "id": "f.C1E2E3B89DF87F84B7B85EE624303115.d.458F251B2A8B7F18349DE74CE6530634.e.8"
}
[1722091866.970][INFO]: Waiting for pending navigations...
[1722091866.970][INFO]: Done waiting for pending navigations. Status: ok
[1722091867.009][INFO]: Waiting for pending navigations...
[1722091867.010][INFO]: Done waiting for pending navigations. Status: ok
[1722091867.010][INFO]: [8c284093990b2f38918865898414b677] RESPONSE ClickElement
[1722091867.015][INFO]: [8c284093990b2f38918865898414b677] COMMAND TypeElement {
   "id": "f.C1E2E3B89DF87F84B7B85EE624303115.d.458F251B2A8B7F18349DE74CE6530634.e.8",
   "text": "Crio Learner",
   "value": [ "C", "r", "i", "o", " ", "L", "e", "a", "r", "n", "e", "r" ]
}
[1722091867.015][INFO]: Waiting for pending navigations...
[1722091867.016][INFO]: Done waiting for pending navigations. Status: ok
[1722091867.179][INFO]: Waiting for pending navigations...
[1722091867.181][INFO]: Done waiting for pending navigations. Status: ok
[1722091867.181][INFO]: [8c284093990b2f38918865898414b677] RESPONSE TypeElement
[1722091867.184][INFO]: [8c284093990b2f38918865898414b677] COMMAND FindElement {
   "using": "xpath",
   "value": "//textarea[@jsname='YPqjbf']"
}
[1722091867.184][INFO]: Waiting for pending navigations...
[1722091867.185][INFO]: Done waiting for pending navigations. Status: ok
[1722091867.194][INFO]: Waiting for pending navigations...
[1722091867.195][INFO]: Done waiting for pending navigations. Status: ok
[1722091867.195][INFO]: [8c284093990b2f38918865898414b677] RESPONSE FindElement {
   "element-6066-11e4-a52e-4f735466cecf": "f.C1E2E3B89DF87F84B7B85EE624303115.d.458F251B2A8B7F18349DE74CE6530634.e.9"
}
[1722091867.199][INFO]: [8c284093990b2f38918865898414b677] COMMAND ClickElement {
   "id": "f.C1E2E3B89DF87F84B7B85EE624303115.d.458F251B2A8B7F18349DE74CE6530634.e.9"
}
[1722091867.199][INFO]: Waiting for pending navigations...
[1722091867.199][INFO]: Done waiting for pending navigations. Status: ok
[1722091867.228][INFO]: Waiting for pending navigations...
[1722091867.229][INFO]: Done waiting for pending navigations. Status: ok
[1722091867.229][INFO]: [8c284093990b2f38918865898414b677] RESPONSE ClickElement
[1722091867.234][INFO]: [8c284093990b2f38918865898414b677] COMMAND TypeElement {
   "id": "f.C1E2E3B89DF87F84B7B85EE624303115.d.458F251B2A8B7F18349DE74CE6530634.e.9",
   "text": "I want to be the best QA Engineer!1722091867231",
   "value": [ "I", " ", "w", "a", "n", "t", " ", "t", "o", " ", "b", "e", " ", "t", "h", "e", " ", "b", "e", "s", "t", " ", "Q", "A", " ", "E", "n", "g", "i", "n", "e", "e", "r", "!", "1", "7", "2", "2", "0", "9", "1", "8", "6", "7", "2", "3", "1" ]
}
[1722091867.234][INFO]: Waiting for pending navigations...
[1722091867.234][INFO]: Done waiting for pending navigations. Status: ok
[1722091867.349][INFO]: Waiting for pending navigations...
[1722091867.352][INFO]: Done waiting for pending navigations. Status: ok
[1722091867.352][INFO]: [8c284093990b2f38918865898414b677] RESPONSE TypeElement
[1722091867.356][INFO]: [8c284093990b2f38918865898414b677] COMMAND FindElement {
   "using": "xpath",
   "value": "//div[@id='i13']"
}
[1722091867.356][INFO]: Waiting for pending navigations...
[1722091867.357][INFO]: Done waiting for pending navigations. Status: ok
[1722091867.367][INFO]: Waiting for pending navigations...
[1722091867.367][INFO]: Done waiting for pending navigations. Status: ok
[1722091867.367][INFO]: [8c284093990b2f38918865898414b677] RESPONSE FindElement {
   "element-6066-11e4-a52e-4f735466cecf": "f.C1E2E3B89DF87F84B7B85EE624303115.d.458F251B2A8B7F18349DE74CE6530634.e.24"
}
[1722091867.370][INFO]: [8c284093990b2f38918865898414b677] COMMAND ClickElement {
   "id": "f.C1E2E3B89DF87F84B7B85EE624303115.d.458F251B2A8B7F18349DE74CE6530634.e.24"
}
[1722091867.370][INFO]: Waiting for pending navigations...
[1722091867.371][INFO]: Done waiting for pending navigations. Status: ok
[1722091867.401][INFO]: Waiting for pending navigations...
[1722091867.403][INFO]: Done waiting for pending navigations. Status: ok
[1722091867.403][INFO]: [8c284093990b2f38918865898414b677] RESPONSE ClickElement
[1722091869.411][INFO]: [8c284093990b2f38918865898414b677] COMMAND FindElement {
   "using": "xpath",
   "value": "//div[@id='i30']"
}
[1722091869.411][INFO]: Waiting for pending navigations...
[1722091869.411][INFO]: Done waiting for pending navigations. Status: ok
[1722091869.418][INFO]: Waiting for pending navigations...
[1722091869.419][INFO]: Done waiting for pending navigations. Status: ok
[1722091869.419][INFO]: [8c284093990b2f38918865898414b677] RESPONSE FindElement {
   "element-6066-11e4-a52e-4f735466cecf": "f.C1E2E3B89DF87F84B7B85EE624303115.d.458F251B2A8B7F18349DE74CE6530634.e.25"
}
[1722091869.422][INFO]: [8c284093990b2f38918865898414b677] COMMAND ClickElement {
   "id": "f.C1E2E3B89DF87F84B7B85EE624303115.d.458F251B2A8B7F18349DE74CE6530634.e.25"
}
[1722091869.422][INFO]: Waiting for pending navigations...
[1722091869.422][INFO]: Done waiting for pending navigations. Status: ok
[1722091869.510][INFO]: Waiting for pending navigations...
[1722091869.512][INFO]: Done waiting for pending navigations. Status: ok
[1722091869.512][INFO]: [8c284093990b2f38918865898414b677] RESPONSE ClickElement
[1722091871.521][INFO]: [8c284093990b2f38918865898414b677] COMMAND FindElement {
   "using": "xpath",
   "value": "//div[@id='i33']"
}
[1722091871.521][INFO]: Waiting for pending navigations...
[1722091871.521][INFO]: Done waiting for pending navigations. Status: ok
[1722091871.528][INFO]: Waiting for pending navigations...
[1722091871.529][INFO]: Done waiting for pending navigations. Status: ok
[1722091871.529][INFO]: [8c284093990b2f38918865898414b677] RESPONSE FindElement {
   "element-6066-11e4-a52e-4f735466cecf": "f.C1E2E3B89DF87F84B7B85EE624303115.d.458F251B2A8B7F18349DE74CE6530634.e.26"
}
[1722091871.533][INFO]: [8c284093990b2f38918865898414b677] COMMAND ClickElement {
   "id": "f.C1E2E3B89DF87F84B7B85EE624303115.d.458F251B2A8B7F18349DE74CE6530634.e.26"
}
[1722091871.533][INFO]: Waiting for pending navigations...
[1722091871.533][INFO]: Done waiting for pending navigations. Status: ok
[1722091871.572][INFO]: Waiting for pending navigations...
[1722091871.574][INFO]: Done waiting for pending navigations. Status: ok
[1722091871.574][INFO]: [8c284093990b2f38918865898414b677] RESPONSE ClickElement
[1722091873.582][INFO]: [8c284093990b2f38918865898414b677] COMMAND FindElement {
   "using": "xpath",
   "value": "//div[@id='i39']"
}
[1722091873.582][INFO]: Waiting for pending navigations...
[1722091873.583][INFO]: Done waiting for pending navigations. Status: ok
[1722091873.590][INFO]: Waiting for pending navigations...
[1722091873.591][INFO]: Done waiting for pending navigations. Status: ok
[1722091873.591][INFO]: [8c284093990b2f38918865898414b677] RESPONSE FindElement {
   "element-6066-11e4-a52e-4f735466cecf": "f.C1E2E3B89DF87F84B7B85EE624303115.d.458F251B2A8B7F18349DE74CE6530634.e.29"
}
[1722091873.595][INFO]: [8c284093990b2f38918865898414b677] COMMAND ClickElement {
   "id": "f.C1E2E3B89DF87F84B7B85EE624303115.d.458F251B2A8B7F18349DE74CE6530634.e.29"
}
[1722091873.595][INFO]: Waiting for pending navigations...
[1722091873.596][INFO]: Done waiting for pending navigations. Status: ok
[1722091873.625][INFO]: Waiting for pending navigations...
[1722091873.627][INFO]: Done waiting for pending navigations. Status: ok
[1722091873.627][INFO]: [8c284093990b2f38918865898414b677] RESPONSE ClickElement
[1722091875.636][INFO]: [8c284093990b2f38918865898414b677] COMMAND FindElement {
   "using": "xpath",
   "value": "(//div[@class='e2CuFe eU809d'])[1]"
}
[1722091875.636][INFO]: Waiting for pending navigations...
[1722091875.636][INFO]: Done waiting for pending navigations. Status: ok
[1722091875.644][INFO]: Waiting for pending navigations...
[1722091875.644][INFO]: Done waiting for pending navigations. Status: ok
[1722091875.644][INFO]: [8c284093990b2f38918865898414b677] RESPONSE FindElement {
   "element-6066-11e4-a52e-4f735466cecf": "f.C1E2E3B89DF87F84B7B85EE624303115.d.458F251B2A8B7F18349DE74CE6530634.e.30"
}
[1722091875.647][INFO]: [8c284093990b2f38918865898414b677] COMMAND ClickElement {
   "id": "f.C1E2E3B89DF87F84B7B85EE624303115.d.458F251B2A8B7F18349DE74CE6530634.e.30"
}
[1722091875.647][INFO]: Waiting for pending navigations...
[1722091875.647][INFO]: Done waiting for pending navigations. Status: ok
[1722091875.680][INFO]: Waiting for pending navigations...
[1722091875.681][INFO]: Done waiting for pending navigations. Status: ok
[1722091875.681][INFO]: [8c284093990b2f38918865898414b677] RESPONSE ClickElement
[1722091876.691][INFO]: [8c284093990b2f38918865898414b677] COMMAND FindElement {
   "using": "xpath",
   "value": "(//span[text()='Mr'])[2]"
}
[1722091876.691][INFO]: Waiting for pending navigations...
[1722091876.691][INFO]: Done waiting for pending navigations. Status: ok
[1722091876.697][INFO]: Waiting for pending navigations...
[1722091876.698][INFO]: Done waiting for pending navigations. Status: ok
[1722091876.698][INFO]: [8c284093990b2f38918865898414b677] RESPONSE FindElement {
   "element-6066-11e4-a52e-4f735466cecf": "f.C1E2E3B89DF87F84B7B85EE624303115.d.458F251B2A8B7F18349DE74CE6530634.e.33"
}
[1722091876.700][INFO]: [8c284093990b2f38918865898414b677] COMMAND ClickElement {
   "id": "f.C1E2E3B89DF87F84B7B85EE624303115.d.458F251B2A8B7F18349DE74CE6530634.e.33"
}
[1722091876.700][INFO]: Waiting for pending navigations...
[1722091876.701][INFO]: Done waiting for pending navigations. Status: ok
[1722091876.727][INFO]: Waiting for pending navigations...
[1722091876.730][INFO]: Done waiting for pending navigations. Status: ok
[1722091876.730][INFO]: [8c284093990b2f38918865898414b677] RESPONSE ClickElement
[1722091877.737][INFO]: [8c284093990b2f38918865898414b677] COMMAND FindElement {
   "using": "xpath",
   "value": "//input[@aria-labelledby='i50']"
}
[1722091877.737][INFO]: Waiting for pending navigations...
[1722091877.738][INFO]: Done waiting for pending navigations. Status: ok
[1722091877.745][INFO]: Waiting for pending navigations...
[1722091877.746][INFO]: Done waiting for pending navigations. Status: ok
[1722091877.746][INFO]: [8c284093990b2f38918865898414b677] RESPONSE FindElement {
   "element-6066-11e4-a52e-4f735466cecf": "f.C1E2E3B89DF87F84B7B85EE624303115.d.458F251B2A8B7F18349DE74CE6530634.e.37"
}
[1722091877.749][INFO]: [8c284093990b2f38918865898414b677] COMMAND TypeElement {
   "id": "f.C1E2E3B89DF87F84B7B85EE624303115.d.458F251B2A8B7F18349DE74CE6530634.e.37",
   "text": "06/30/2024",
   "value": [ "0", "6", "/", "3", "0", "/", "2", "0", "2", "4" ]
}
[1722091877.749][INFO]: Waiting for pending navigations...
[1722091877.749][INFO]: Done waiting for pending navigations. Status: ok
[1722091877.790][INFO]: Waiting for pending navigations...
[1722091877.792][INFO]: Done waiting for pending navigations. Status: ok
[1722091877.793][INFO]: [8c284093990b2f38918865898414b677] RESPONSE TypeElement
[1722091878.804][INFO]: [8c284093990b2f38918865898414b677] COMMAND FindElement {
   "using": "xpath",
   "value": "//input[@aria-label='Hour']"
}
[1722091878.804][INFO]: Waiting for pending navigations...
[1722091878.805][INFO]: Done waiting for pending navigations. Status: ok
[1722091878.814][INFO]: Waiting for pending navigations...
[1722091878.815][INFO]: Done waiting for pending navigations. Status: ok
[1722091878.815][INFO]: [8c284093990b2f38918865898414b677] RESPONSE FindElement {
   "element-6066-11e4-a52e-4f735466cecf": "f.C1E2E3B89DF87F84B7B85EE624303115.d.458F251B2A8B7F18349DE74CE6530634.e.10"
}
[1722091878.819][INFO]: [8c284093990b2f38918865898414b677] COMMAND TypeElement {
   "id": "f.C1E2E3B89DF87F84B7B85EE624303115.d.458F251B2A8B7F18349DE74CE6530634.e.10",
   "text": "07",
   "value": [ "0", "7" ]
}
[1722091878.819][INFO]: Waiting for pending navigations...
[1722091878.819][INFO]: Done waiting for pending navigations. Status: ok
[1722091878.863][INFO]: Waiting for pending navigations...
[1722091878.866][INFO]: Done waiting for pending navigations. Status: ok
[1722091878.866][INFO]: [8c284093990b2f38918865898414b677] RESPONSE TypeElement
[1722091879.879][INFO]: [8c284093990b2f38918865898414b677] COMMAND FindElement {
   "using": "xpath",
   "value": "//input[@aria-label='Minute']"
}
[1722091879.879][INFO]: Waiting for pending navigations...
[1722091879.880][INFO]: Done waiting for pending navigations. Status: ok
[1722091879.887][INFO]: Waiting for pending navigations...
[1722091879.887][INFO]: Done waiting for pending navigations. Status: ok
[1722091879.887][INFO]: [8c284093990b2f38918865898414b677] RESPONSE FindElement {
   "element-6066-11e4-a52e-4f735466cecf": "f.C1E2E3B89DF87F84B7B85EE624303115.d.458F251B2A8B7F18349DE74CE6530634.e.11"
}
[1722091879.890][INFO]: [8c284093990b2f38918865898414b677] COMMAND TypeElement {
   "id": "f.C1E2E3B89DF87F84B7B85EE624303115.d.458F251B2A8B7F18349DE74CE6530634.e.11",
   "text": "30",
   "value": [ "3", "0" ]
}
[1722091879.890][INFO]: Waiting for pending navigations...
[1722091879.890][INFO]: Done waiting for pending navigations. Status: ok
[1722091879.932][INFO]: Waiting for pending navigations...
[1722091879.934][INFO]: Done waiting for pending navigations. Status: ok
[1722091879.934][INFO]: [8c284093990b2f38918865898414b677] RESPONSE TypeElement
[1722091880.946][INFO]: [8c284093990b2f38918865898414b677] COMMAND FindElement {
   "using": "xpath",
   "value": "//span[contains(text(),'Submit')]"
}
[1722091880.946][INFO]: Waiting for pending navigations...
[1722091880.947][INFO]: Done waiting for pending navigations. Status: ok
[1722091880.955][INFO]: Waiting for pending navigations...
[1722091880.955][INFO]: Done waiting for pending navigations. Status: ok
[1722091880.955][INFO]: [8c284093990b2f38918865898414b677] RESPONSE FindElement {
   "element-6066-11e4-a52e-4f735466cecf": "f.C1E2E3B89DF87F84B7B85EE624303115.d.458F251B2A8B7F18349DE74CE6530634.e.49"
}
[1722091880.958][INFO]: [8c284093990b2f38918865898414b677] COMMAND ClickElement {
   "id": "f.C1E2E3B89DF87F84B7B85EE624303115.d.458F251B2A8B7F18349DE74CE6530634.e.49"
}
[1722091880.958][INFO]: Waiting for pending navigations...
[1722091880.958][INFO]: Done waiting for pending navigations. Status: ok
[1722091880.984][INFO]: Waiting for pending navigations...
[1722091881.652][INFO]: Done waiting for pending navigations. Status: ok
[1722091881.652][INFO]: [8c284093990b2f38918865898414b677] RESPONSE ClickElement
[1722091884.661][INFO]: [8c284093990b2f38918865898414b677] COMMAND FindElement {
   "using": "xpath",
   "value": "//div[contains(text(),'Thanks for your response, Automation Wizard!')]"
}
[1722091884.661][INFO]: Waiting for pending navigations...
[1722091884.662][INFO]: Done waiting for pending navigations. Status: ok
[1722091884.670][INFO]: Waiting for pending navigations...
[1722091884.670][INFO]: Done waiting for pending navigations. Status: ok
[1722091884.670][INFO]: [8c284093990b2f38918865898414b677] RESPONSE FindElement {
   "element-6066-11e4-a52e-4f735466cecf": "f.C1E2E3B89DF87F84B7B85EE624303115.d.BCD64ACC69E64496F95AFF12B5644154.e.53"
}
[1722091884.673][INFO]: [8c284093990b2f38918865898414b677] COMMAND GetElementText {
   "id": "f.C1E2E3B89DF87F84B7B85EE624303115.d.BCD64ACC69E64496F95AFF12B5644154.e.53"
}
[1722091884.673][INFO]: Waiting for pending navigations...
[1722091884.673][INFO]: Done waiting for pending navigations. Status: ok
[1722091884.681][INFO]: Waiting for pending navigations...
[1722091884.681][INFO]: Done waiting for pending navigations. Status: ok
[1722091884.681][INFO]: [8c284093990b2f38918865898414b677] RESPONSE GetElementText "Thanks for your response, Automation Wizard!"
[1722091884.686][INFO]: [8c284093990b2f38918865898414b677] COMMAND CloseWindow {
}
[1722091884.761][INFO]: [8c284093990b2f38918865898414b677] RESPONSE CloseWindow [  ]
